[2016-09-22 10:34:46] START
[2018-05-22 02:21:13] EDIT web2py_start_2016/views/default/index.html: 1
[2018-05-22 02:22:12] EDIT web2py_start_2016/views/default/index.html: 0
[2018-05-22 02:30:16] EDIT web2py_start_2016/models/tables.py: -1
[2018-05-22 02:30:49] EDIT web2py_start_2016/models/tables.py: 0
[2018-05-22 02:30:51] EDIT web2py_start_2016/models/tables.py: 0
[2018-05-22 02:31:19] EDIT web2py_start_2016/models/tables.py: -8
[2018-05-22 02:41:30] EDIT web2py_start_2016/controllers/api.py: -11
[2018-05-22 02:41:43] EDIT web2py_start_2016/controllers/api.py: -1
[2018-05-22 02:43:45] EDIT web2py_start_2016/controllers/api.py: 0
[2018-05-22 02:46:25] EDIT web2py_start_2016/static/js/default_index.js: 9
[2018-05-22 02:46:27] EDIT web2py_start_2016/controllers/api.py: 0
[2018-05-22 02:51:15] EDIT web2py_start_2016/static/js/default_index.js: 1
[2018-05-22 02:52:25] EDIT web2py_start_2016/controllers/api.py: 2
[2018-05-22 03:03:10] EDIT web2py_start_2016/views/default/index.html: 1
[2018-05-22 03:03:11] EDIT web2py_start_2016/static/js/default_index.js: 1
[2018-05-22 03:03:13] EDIT web2py_start_2016/controllers/api.py: -7
[2018-05-22 03:04:45] EDIT web2py_start_2016/controllers/api.py: -69
[2018-05-22 03:06:23] EDIT web2py_start_2016/views/default/index.html: 0
[2018-05-22 03:07:44] EDIT web2py_start_2016/static/js/default_index.js: 9
[2018-05-22 03:08:06] EDIT web2py_start_2016/static/js/default_index.js: 0
[2018-05-22 03:09:13] EDIT web2py_start_2016/static/js/default_index.js: 2
[2018-05-22 03:09:16] EDIT web2py_start_2016/controllers/api.py: 0
[2018-05-22 03:09:19] EDIT web2py_start_2016/views/default/index.html: 0
[2018-05-22 03:09:22] EDIT web2py_start_2016/models/tables.py: 0
[2018-05-22 03:17:01] EDIT web2py_start_2016/views/default/index.html: -1
[2018-05-22 03:17:31] EDIT web2py_start_2016/views/default/index.html: 0
[2018-05-22 03:19:02] EDIT web2py_start_2016/static/js/default_index.js: 0
[2018-05-22 03:19:04] EDIT web2py_start_2016/controllers/api.py: 0
[2018-05-22 03:19:06] EDIT web2py_start_2016/models/tables.py: 0
[2018-05-22 03:19:08] EDIT web2py_start_2016/views/default/index.html: 0
[2018-05-22 03:22:22] EDIT web2py_start_2016/views/default/index.html: 0
[2018-05-22 03:22:30] EDIT web2py_start_2016/views/default/index.html: 0
[2018-05-22 03:27:43] EDIT web2py_start_2016/views/default/index.html: 0
[2018-05-22 03:30:51] EDIT web2py_start_2016/views/default/index.html: -1
[2018-05-22 03:31:33] EDIT web2py_start_2016/views/default/index.html: 1
[2018-05-22 03:31:41] EDIT web2py_start_2016/views/default/index.html: 0
[2018-05-22 03:34:33] EDIT web2py_start_2016/views/default/index.html: -2
[2018-05-22 03:35:36] EDIT web2py_start_2016/views/default/index.html: 0
[2018-05-22 03:35:37] EDIT web2py_start_2016/static/js/default_index.js: 0
[2018-05-22 03:35:39] EDIT web2py_start_2016/controllers/api.py: 0
[2018-05-22 03:35:41] EDIT web2py_start_2016/models/tables.py: 0
[2018-05-22 03:42:54] EDIT web2py_start_2016/views/default/index.html: 0
[2018-05-22 03:58:54] EDIT web2py_start_2016/views/default/index.html: -1
[2018-05-22 03:59:38] EDIT web2py_start_2016/views/default/index.html: 0
[2018-05-22 04:00:03] EDIT web2py_start_2016/views/default/index.html: 0
[2018-05-22 04:00:26] EDIT web2py_start_2016/views/default/index.html: 0
[2018-05-22 04:02:48] EDIT web2py_start_2016/static/js/default_index.js: 1
[2018-05-22 04:02:52] EDIT web2py_start_2016/views/default/index.html: 0
[2018-05-22 04:03:29] EDIT web2py_start_2016/static/js/default_index.js: 0
[2018-05-22 04:03:38] EDIT web2py_start_2016/static/js/default_index.js: 0
[2018-05-22 04:03:48] EDIT web2py_start_2016/views/default/index.html: 0
[2018-05-22 04:04:36] EDIT web2py_start_2016/static/js/default_index.js: 0
[2018-05-22 04:16:04] EDIT web2py_start_2016/views/default/index.html: 0
[2018-05-22 04:20:09] EDIT web2py_start_2016/views/default/index.html: 0
[2018-05-22 04:27:26] EDIT web2py_start_2016/static/js/default_index.js: 0
[2018-05-22 04:27:53] EDIT web2py_start_2016/static/js/default_index.js: 0
[2018-05-22 04:30:03] EDIT web2py_start_2016/controllers/api.py: 0
[2018-05-22 04:30:25] EDIT web2py_start_2016/controllers/api.py: 0
[2018-05-22 04:30:46] EDIT web2py_start_2016/controllers/api.py: 0
[2018-05-22 04:31:19] EDIT web2py_start_2016/views/default/index.html: 0
[2018-05-22 04:32:55] EDIT web2py_start_2016/views/default/index.html: 0
[2018-05-22 04:33:23] EDIT web2py_start_2016/static/js/default_index.js: 0
[2018-05-22 04:33:38] EDIT web2py_start_2016/static/js/default_index.js: 0
[2018-05-22 04:33:46] EDIT web2py_start_2016/views/default/index.html: 0
[2018-05-22 04:33:57] EDIT web2py_start_2016/views/default/index.html: 0
[2018-05-22 04:34:38] EDIT web2py_start_2016/views/default/index.html: 0
[2018-05-22 04:34:55] EDIT web2py_start_2016/static/js/default_index.js: 0
[2018-05-22 17:05:30] EDIT web2py_start_2016/static/js/default_index.js: 0
[2018-05-22 17:08:38] EDIT web2py_start_2016/static/js/default_index.js: 0
[2018-05-22 17:09:49] EDIT web2py_start_2016/models/tables.py: 0
[2018-05-23 22:46:07] EDIT web2py_start_2016/views/default/index.html: 1
[2018-05-23 22:48:51] EDIT web2py_start_2016/static/js/default_index.js: 5
[2018-05-23 22:50:35] EDIT web2py_start_2016/static/js/default_index.js: 3
[2018-05-23 22:50:49] EDIT web2py_start_2016/views/default/index.html: 0
[2018-05-23 22:50:52] EDIT web2py_start_2016/static/js/default_index.js: 0
[2018-05-23 22:50:54] EDIT web2py_start_2016/controllers/api.py: 0
[2018-05-24 19:52:15] EDIT web2py_start_2016/controllers/api.py: 0
[2018-05-24 20:02:06] EDIT web2py_start_2016/static/js/default_index.js: 2
[2018-05-24 20:02:58] EDIT web2py_start_2016/controllers/api.py: 10
[2018-05-24 20:03:05] EDIT web2py_start_2016/controllers/api.py: 0
[2018-05-24 20:03:05] EDIT web2py_start_2016/controllers/api.py: 0
[2018-05-24 20:03:05] EDIT web2py_start_2016/controllers/api.py: 0
[2018-05-24 20:03:05] EDIT web2py_start_2016/controllers/api.py: 0
[2018-05-24 20:03:06] EDIT web2py_start_2016/controllers/api.py: 0
[2018-05-24 20:03:06] EDIT web2py_start_2016/controllers/api.py: 0
[2018-05-24 20:03:06] EDIT web2py_start_2016/controllers/api.py: 0
[2018-05-24 20:03:14] EDIT web2py_start_2016/controllers/api.py: 0
[2018-05-24 20:04:51] EDIT web2py_start_2016/views/default/index.html: 3
[2018-05-24 20:05:34] EDIT web2py_start_2016/views/default/index.html: 0
[2018-05-24 20:06:18] EDIT web2py_start_2016/controllers/api.py: 0
[2018-05-24 20:08:49] EDIT web2py_start_2016/controllers/api.py: 0
[2018-05-24 20:08:56] EDIT web2py_start_2016/views/default/index.html: 0
[2018-05-24 20:09:43] EDIT web2py_start_2016/views/default/index.html: 0
[2018-05-24 20:09:54] EDIT web2py_start_2016/views/default/index.html: 0
[2018-05-24 20:10:52] EDIT web2py_start_2016/views/default/index.html: 2
[2018-05-24 20:14:19] EDIT web2py_start_2016/views/default/index.html: 0
[2018-05-24 20:14:22] EDIT web2py_start_2016/static/js/default_index.js: 0
[2018-05-24 20:14:24] EDIT web2py_start_2016/controllers/api.py: 0
[2018-05-24 20:15:35] EDIT web2py_start_2016/views/default/index.html: 0
[2018-05-24 20:16:06] EDIT web2py_start_2016/views/default/index.html: 0
[2018-05-24 20:17:07] EDIT web2py_start_2016/views/default/index.html: 0
[2018-05-24 20:19:50] EDIT web2py_start_2016/views/default/index.html: 0
[2018-05-24 20:20:20] EDIT web2py_start_2016/views/default/index.html: 0
[2018-05-24 20:20:22] EDIT web2py_start_2016/static/js/default_index.js: 0
[2018-05-24 20:20:24] EDIT web2py_start_2016/controllers/api.py: 0
[2018-05-24 20:20:28] EDIT web2py_start_2016/views/default/index.html: 0
[2018-05-24 20:22:48] EDIT web2py_start_2016/controllers/api.py: 0
[2018-05-24 20:23:14] EDIT web2py_start_2016/controllers/api.py: 0
[2018-05-24 20:23:51] EDIT web2py_start_2016/controllers/api.py: 0
[2018-05-24 20:24:31] EDIT web2py_start_2016/controllers/api.py: 0
[2018-05-24 20:25:18] EDIT web2py_start_2016/controllers/api.py: 1
[2018-05-24 20:26:58] EDIT web2py_start_2016/controllers/api.py: 0
[2018-05-24 20:27:49] EDIT web2py_start_2016/controllers/api.py: 0
[2018-05-24 20:31:45] EDIT web2py_start_2016/controllers/api.py: 0
[2018-05-24 20:32:37] EDIT web2py_start_2016/controllers/api.py: 0
[2018-05-24 20:39:06] EDIT web2py_start_2016/static/js/default_index.js: 0
[2018-05-24 20:39:19] EDIT web2py_start_2016/controllers/api.py: 0
[2018-05-24 20:40:03] EDIT web2py_start_2016/controllers/api.py: 0
[2018-05-24 20:43:41] EDIT web2py_start_2016/controllers/api.py: 0
[2018-05-24 20:44:45] EDIT web2py_start_2016/controllers/api.py: 0
[2018-05-24 20:45:36] EDIT web2py_start_2016/controllers/api.py: 0
[2018-05-24 20:52:28] EDIT web2py_start_2016/controllers/api.py: 0
[2018-05-24 20:52:29] EDIT web2py_start_2016/controllers/api.py: 0
[2018-05-24 20:53:05] EDIT web2py_start_2016/static/js/default_index.js: 6
[2018-05-24 20:58:08] EDIT web2py_start_2016/static/js/default_index.js: -1
[2018-05-24 20:58:43] EDIT web2py_start_2016/static/js/default_index.js: -3
[2018-05-24 20:58:59] EDIT web2py_start_2016/controllers/api.py: -7
[2018-05-24 21:00:45] EDIT web2py_start_2016/static/js/default_index.js: -6
[2018-05-24 21:00:59] EDIT web2py_start_2016/static/js/default_index.js: 0
[2018-05-24 21:01:12] EDIT web2py_start_2016/static/js/default_index.js: 0
[2018-05-24 21:01:23] EDIT web2py_start_2016/static/js/default_index.js: 0
[2018-05-24 21:09:13] EDIT web2py_start_2016/controllers/api.py: -1
[2018-05-24 21:10:24] EDIT web2py_start_2016/static/js/default_index.js: 1
[2018-05-24 21:11:05] EDIT web2py_start_2016/controllers/api.py: 0
[2018-05-24 21:11:41] EDIT web2py_start_2016/controllers/api.py: 0
[2018-05-24 21:12:25] EDIT web2py_start_2016/controllers/api.py: -10
[2018-05-24 21:12:41] EDIT web2py_start_2016/static/js/default_index.js: -3
[2018-05-24 21:12:43] EDIT web2py_start_2016/controllers/api.py: 0
[2018-05-24 21:13:03] EDIT web2py_start_2016/static/js/default_index.js: 0
[2018-05-24 21:13:44] EDIT web2py_start_2016/views/default/index.html: 0
[2018-05-24 21:13:56] EDIT web2py_start_2016/views/default/index.html: 0
[2018-05-24 21:16:22] EDIT web2py_start_2016/views/default/index.html: 2
[2018-05-24 21:16:57] EDIT web2py_start_2016/views/default/index.html: 0
[2018-05-24 21:17:45] EDIT web2py_start_2016/views/default/index.html: 0
[2018-05-24 21:20:49] EDIT web2py_start_2016/views/default/index.html: 0
[2018-05-24 21:21:11] EDIT web2py_start_2016/views/default/index.html: 0
[2018-05-24 21:21:31] EDIT web2py_start_2016/views/default/index.html: 0
[2018-05-24 21:24:35] EDIT web2py_start_2016/views/default/index.html: 1
[2018-05-24 21:26:55] EDIT web2py_start_2016/controllers/api.py: 12
[2018-05-24 21:26:58] EDIT web2py_start_2016/static/js/default_index.js: 7
[2018-05-24 21:27:03] EDIT web2py_start_2016/views/default/index.html: 0
[2018-05-24 21:27:15] EDIT web2py_start_2016/views/default/index.html: 0
[2018-05-24 21:28:30] EDIT web2py_start_2016/static/js/default_index.js: 0
[2018-05-24 21:28:53] EDIT web2py_start_2016/static/js/default_index.js: 1
[2018-05-24 21:29:36] EDIT web2py_start_2016/controllers/api.py: 0
[2018-05-24 21:30:35] EDIT web2py_start_2016/controllers/api.py: 1
[2018-05-24 21:31:27] EDIT web2py_start_2016/static/js/default_index.js: 2
[2018-05-24 21:31:39] EDIT web2py_start_2016/static/js/default_index.js: 0
[2018-05-24 21:32:07] EDIT web2py_start_2016/views/default/index.html: 0
[2018-05-24 21:32:09] EDIT web2py_start_2016/static/js/default_index.js: 0
[2018-05-24 21:32:10] EDIT web2py_start_2016/controllers/api.py: 0
[2018-05-24 22:24:54] EDIT web2py_start_2016/views/default/index.html: 0
[2018-05-24 22:25:05] EDIT web2py_start_2016/views/default/index.html: 0
[2018-05-24 22:26:01] EDIT web2py_start_2016/controllers/api.py: 1
[2018-05-24 22:26:32] EDIT web2py_start_2016/controllers/api.py: 0
[2018-05-24 22:27:28] EDIT web2py_start_2016/controllers/api.py: 0
[2018-05-24 22:28:01] EDIT web2py_start_2016/controllers/api.py: 0
[2018-05-24 22:28:53] EDIT web2py_start_2016/views/default/index.html: 0
[2018-05-24 22:29:06] EDIT web2py_start_2016/views/default/index.html: 0
[2018-05-24 22:30:41] EDIT web2py_start_2016/views/default/index.html: 0
[2018-05-24 22:31:13] EDIT web2py_start_2016/views/default/index.html: 0
[2018-05-24 22:32:37] EDIT web2py_start_2016/views/default/index.html: 0
[2018-05-24 22:38:33] EDIT web2py_start_2016/controllers/api.py: 1
[2018-05-24 22:39:30] EDIT web2py_start_2016/controllers/api.py: 2
[2018-05-24 22:39:31] EDIT web2py_start_2016/controllers/api.py: 0
[2018-05-24 22:40:11] EDIT web2py_start_2016/views/default/index.html: 0
[2018-05-24 22:40:12] EDIT web2py_start_2016/static/js/default_index.js: 0
[2018-05-24 22:40:14] EDIT web2py_start_2016/controllers/api.py: 0
[2018-05-24 22:47:44] EDIT web2py_start_2016/controllers/api.py: 0
[2018-05-24 22:47:55] EDIT web2py_start_2016/controllers/api.py: 0
[2018-05-24 22:55:20] EDIT web2py_start_2016/controllers/api.py: 0
[2018-05-24 22:55:37] EDIT web2py_start_2016/controllers/api.py: 0
[2018-05-24 22:59:00] EDIT web2py_start_2016/views/default/index.html: 0
[2018-05-24 22:59:21] EDIT web2py_start_2016/views/default/index.html: 0
[2018-05-24 22:59:55] EDIT web2py_start_2016/views/default/index.html: 0
[2018-05-24 23:00:53] EDIT web2py_start_2016/views/default/index.html: 0
[2018-05-24 23:04:31] EDIT web2py_start_2016/views/default/index.html: 0
[2018-05-24 23:04:46] EDIT web2py_start_2016/views/default/index.html: 0
[2018-05-24 23:09:05] EDIT web2py_start_2016/views/default/index.html: 0
[2018-05-24 23:09:17] EDIT web2py_start_2016/views/default/index.html: 0
[2018-05-24 23:12:13] EDIT web2py_start_2016/views/default/index.html: -2
[2018-05-24 23:12:32] EDIT web2py_start_2016/views/default/index.html: 0
[2018-05-24 23:13:42] EDIT web2py_start_2016/controllers/api.py: 0
[2018-05-24 23:13:53] EDIT web2py_start_2016/controllers/api.py: 0
[2018-05-24 23:13:58] EDIT web2py_start_2016/controllers/api.py: 0
[2018-05-24 23:15:07] EDIT web2py_start_2016/controllers/api.py: 0
[2018-05-24 23:19:03] EDIT web2py_start_2016/views/default/index.html: 2
[2018-05-24 23:21:15] EDIT web2py_start_2016/controllers/api.py: 0
[2018-05-24 23:21:59] EDIT web2py_start_2016/views/default/index.html: 1
[2018-05-24 23:22:24] EDIT web2py_start_2016/views/default/index.html: 0
[2018-05-24 23:23:23] EDIT web2py_start_2016/views/default/index.html: 1
[2018-05-24 23:23:35] EDIT web2py_start_2016/views/default/index.html: 0
[2018-05-24 23:23:53] EDIT web2py_start_2016/views/default/index.html: -2
[2018-05-24 23:27:08] EDIT web2py_start_2016/static/js/default_index.js: -1
[2018-05-24 23:27:17] EDIT web2py_start_2016/static/js/default_index.js: 1
[2018-05-24 23:28:39] EDIT web2py_start_2016/controllers/api.py: 0
[2018-05-24 23:28:54] EDIT web2py_start_2016/controllers/api.py: 0
[2018-05-24 23:32:30] EDIT web2py_start_2016/controllers/api.py: 1
[2018-05-24 23:33:16] EDIT web2py_start_2016/controllers/api.py: 0
[2018-05-24 23:33:59] EDIT web2py_start_2016/controllers/api.py: 0
[2018-05-24 23:35:42] EDIT web2py_start_2016/controllers/api.py: 0
[2018-05-24 23:38:11] EDIT web2py_start_2016/views/default/index.html: 0
[2018-05-24 23:38:47] EDIT web2py_start_2016/controllers/api.py: 0
[2018-05-24 23:41:06] EDIT web2py_start_2016/controllers/api.py: 3
[2018-05-24 23:41:50] EDIT web2py_start_2016/controllers/api.py: -1
[2018-05-24 23:42:25] EDIT web2py_start_2016/controllers/api.py: 0
[2018-05-24 23:43:36] EDIT web2py_start_2016/controllers/api.py: 0
[2018-05-24 23:45:33] EDIT web2py_start_2016/views/default/index.html: 0
[2018-05-24 23:48:37] EDIT web2py_start_2016/controllers/api.py: 3
[2018-05-24 23:48:50] EDIT web2py_start_2016/controllers/api.py: 0
[2018-05-24 23:49:15] EDIT web2py_start_2016/static/js/default_index.js: 3
[2018-05-24 23:50:13] EDIT web2py_start_2016/views/default/index.html: 0
[2018-05-24 23:51:47] EDIT web2py_start_2016/static/js/default_index.js: 0
[2018-05-24 23:53:25] EDIT web2py_start_2016/controllers/api.py: 0
[2018-05-24 23:59:34] EDIT web2py_start_2016/static/js/default_index.js: 9
[2018-05-24 23:59:37] EDIT web2py_start_2016/static/js/default_index.js: 0
[2018-05-24 23:59:39] EDIT web2py_start_2016/controllers/api.py: 0
[2018-05-24 23:59:48] EDIT web2py_start_2016/views/default/index.html: 0
[2018-05-25 00:03:59] EDIT web2py_start_2016/static/js/default_index.js: 0
[2018-05-25 00:05:07] EDIT web2py_start_2016/views/default/index.html: 0
[2018-05-25 00:06:43] EDIT web2py_start_2016/views/default/index.html: 0
[2018-05-25 00:08:17] EDIT web2py_start_2016/views/default/index.html: 0
[2018-05-25 00:08:31] EDIT web2py_start_2016/views/default/index.html: 0
[2018-05-25 00:09:13] EDIT web2py_start_2016/views/default/index.html: 0
[2018-05-25 00:09:29] EDIT web2py_start_2016/views/default/index.html: 0
[2018-05-25 00:09:52] EDIT web2py_start_2016/views/default/index.html: 0
[2018-05-25 00:09:54] EDIT web2py_start_2016/static/js/default_index.js: 0
[2018-05-25 00:09:56] EDIT web2py_start_2016/controllers/api.py: 0
[2018-05-25 00:11:19] EDIT web2py_start_2016/static/js/default_index.js: 1
[2018-05-25 00:13:49] EDIT web2py_start_2016/views/default/index.html: 0
[2018-05-25 00:15:40] EDIT web2py_start_2016/static/js/default_index.js: -1
[2018-05-25 00:17:21] EDIT web2py_start_2016/static/js/default_index.js: 0
[2018-05-25 00:17:52] EDIT web2py_start_2016/static/js/default_index.js: 3
[2018-05-25 00:19:31] EDIT web2py_start_2016/static/js/default_index.js: -2
[2018-05-25 00:24:25] EDIT web2py_start_2016/views/default/index.html: 0
[2018-05-25 00:24:26] EDIT web2py_start_2016/static/js/default_index.js: 0
[2018-05-25 00:24:27] EDIT web2py_start_2016/controllers/api.py: 0
[2018-05-27 21:34:43] EDIT hw4/static/js/default_index.js: 2
[2018-05-27 21:37:03] EDIT hw4/static/js/default_index.js: 1
[2018-05-27 21:41:55] EDIT hw4/static/js/default_index.js: 0
[2018-05-27 21:42:08] EDIT hw4/static/js/default_index.js: 0
[2018-05-27 21:42:51] EDIT hw4/static/js/default_index.js: 0
[2018-05-27 21:46:36] EDIT hw4/static/js/default_index.js: 0
[2018-05-27 21:46:40] EDIT hw4/static/js/default_index.js: 0
[2018-05-27 21:47:21] EDIT hw4/static/js/default_index.js: 1
[2018-05-27 22:01:16] EDIT hw4/models/tables.py: 1
[2018-05-27 22:05:31] EDIT hw4/views/default/index.html: 1
[2018-05-27 22:07:10] EDIT hw4/views/default/index.html: 1
[2018-05-27 22:07:22] EDIT hw4/views/default/index.html: 0
[2018-05-27 22:09:01] EDIT hw4/static/js/default_index.js: 5
[2018-05-27 22:10:39] EDIT hw4/views/default/index.html: 0
[2018-05-27 22:12:34] EDIT hw4/static/js/default_index.js: 0
[2018-05-27 22:15:10] EDIT hw4/static/js/default_index.js: 1
[2018-05-27 22:16:41] EDIT hw4/views/default/index.html: 0
[2018-05-27 22:17:20] EDIT hw4/static/js/default_index.js: -1
[2018-05-27 22:19:02] EDIT hw4/views/default/index.html: 0
[2018-05-27 22:19:20] EDIT hw4/views/default/index.html: 0
[2018-05-27 22:19:57] EDIT hw4/views/default/index.html: 0
[2018-05-27 22:22:32] EDIT hw4/views/default/index.html: 0
[2018-05-27 22:23:14] EDIT hw4/views/default/index.html: 0
[2018-05-27 22:24:09] EDIT hw4/static/js/default_index.js: 2
[2018-05-27 22:24:28] EDIT hw4/static/js/default_index.js: 0
[2018-05-27 22:26:11] EDIT hw4/controllers/api.py: 1
[2018-05-27 22:26:51] EDIT hw4/views/default/index.html: 0
[2018-05-27 22:27:58] EDIT hw4/views/default/index.html: 2
[2018-05-27 22:28:28] EDIT hw4/views/default/index.html: 0
[2018-05-27 22:28:46] EDIT hw4/views/default/index.html: -2
[2018-05-27 22:29:15] EDIT hw4/views/default/index.html: 0
[2018-05-27 22:29:33] EDIT hw4/views/default/index.html: 0
[2018-05-27 22:30:12] EDIT hw4/views/default/index.html: 0
[2018-05-27 22:30:28] EDIT hw4/views/default/index.html: 0
[2018-05-27 22:34:11] EDIT hw4/models/tables.py: 1
[2018-05-27 22:35:56] EDIT hw4/views/default/index.html: 1
[2018-05-27 22:36:42] EDIT hw4/static/js/default_index.js: 3
[2018-05-27 22:37:23] EDIT hw4/views/default/index.html: 0
[2018-05-27 22:41:05] EDIT hw4/static/js/default_index.js: 1
[2018-05-27 22:41:36] EDIT hw4/views/default/index.html: 2
[2018-05-27 22:42:00] EDIT hw4/static/js/default_index.js: 0
[2018-05-27 22:42:19] EDIT hw4/static/js/default_index.js: 0
[2018-05-27 22:42:34] EDIT hw4/static/js/default_index.js: 0
[2018-05-27 22:43:00] EDIT hw4/static/js/default_index.js: 1
[2018-05-27 22:43:35] EDIT hw4/static/js/default_index.js: 1
[2018-05-27 22:45:18] EDIT hw4/static/js/default_index.js: 3
[2018-05-27 22:46:44] EDIT hw4/controllers/api.py: 2
[2018-05-27 22:47:05] EDIT hw4/static/js/default_index.js: 0
[2018-05-27 22:48:06] EDIT hw4/models/tables.py: 0
[2018-05-27 22:48:08] EDIT hw4/controllers/api.py: 0
[2018-05-27 22:48:12] EDIT hw4/static/js/default_index.js: 0
[2018-05-27 22:48:14] EDIT hw4/views/default/index.html: 0
[2018-05-27 22:51:20] EDIT hw5/controllers/api.py: 1
[2018-05-27 22:52:53] EDIT hw5/views/default/index.html: 1
[2018-05-27 22:58:00] EDIT hw5/views/default/index.html: 0
[2018-05-27 22:58:43] EDIT hw5/static/js/default_index.js: 1
[2018-05-27 23:00:00] EDIT hw5/static/js/default_index.js: 1
[2018-05-27 23:01:12] EDIT hw5/static/js/default_index.js: 0
[2018-05-27 23:05:46] EDIT hw5/static/js/default_index.js: 1
[2018-05-27 23:11:12] EDIT hw5/static/js/default_index.js: 4
[2018-05-27 23:23:17] EDIT hw5/static/js/default_index.js: -6
[2018-05-27 23:23:38] EDIT hw5/views/default/index.html: 0
[2018-05-27 23:23:58] EDIT hw5/views/default/index.html: 0
[2018-05-27 23:24:00] EDIT hw5/static/js/default_index.js: 0
[2018-05-27 23:24:02] EDIT hw5/controllers/api.py: 0
[2018-05-27 23:24:04] EDIT hw5/models/tables.py: 0
[2018-05-27 23:24:04] EDIT hw5/models/tables.py: 0
[2018-05-30 01:46:25] EDIT hw5/static/js/default_index.js: -1
[2018-05-30 01:50:15] EDIT hw5/static/js/default_index.js: 0
[2018-05-30 01:50:53] EDIT hw5/static/js/default_index.js: 0
[2018-05-30 01:50:54] EDIT hw5/static/js/default_index.js: 0
[2018-05-30 01:57:26] EDIT hw5/views/default/index.html: 2
[2018-05-30 02:06:54] EDIT hw5/views/default/index.html: 1
[2018-05-30 02:10:49] EDIT hw5/controllers/api.py: 4
[2018-05-30 02:12:54] EDIT hw5/static/js/default_index.js: 11
[2018-05-30 02:13:08] EDIT hw5/views/default/index.html: 0
[2018-05-30 02:13:10] EDIT hw5/static/js/default_index.js: 0
[2018-05-30 02:13:12] EDIT hw5/controllers/api.py: 0
[2018-05-30 02:15:22] EDIT hw5/static/js/default_index.js: 0
[2018-05-30 02:27:48] EDIT hw5/static/js/default_index.js: 0
[2018-05-30 02:27:51] EDIT hw5/controllers/api.py: 0
[2018-05-30 02:28:01] EDIT hw5/controllers/api.py: 0
[2018-05-30 02:30:04] EDIT hw5/static/js/default_index.js: 0
[2018-05-30 02:30:06] EDIT hw5/views/default/index.html: 0
[2018-05-30 02:30:09] EDIT hw5/controllers/api.py: 0
[2018-05-30 02:38:31] EDIT hw5/views/default/index.html: 1
[2018-05-30 02:38:57] EDIT hw5/views/default/index.html: 0
[2018-05-30 02:39:05] EDIT hw5/views/default/index.html: -1
[2018-05-30 02:39:42] EDIT hw5/static/js/default_index.js: 0
[2018-05-30 02:39:55] EDIT hw5/static/js/default_index.js: 0
[2018-05-30 02:40:08] EDIT hw5/controllers/api.py: 0
[2018-05-30 02:40:26] EDIT hw5/controllers/api.py: 0
[2018-05-30 02:40:48] EDIT hw5/views/default/index.html: 0
[2018-05-30 02:40:49] EDIT hw5/static/js/default_index.js: 0
[2018-05-30 02:40:51] EDIT hw5/controllers/api.py: 0
[2018-05-30 02:43:42] EDIT hw5/views/default/index.html: 0
[2018-05-30 02:44:15] EDIT hw5/views/default/index.html: 0
[2018-05-30 02:46:31] EDIT hw5/controllers/api.py: -1
[2018-05-30 02:46:41] EDIT hw5/controllers/api.py: -1
[2018-05-30 02:46:42] EDIT hw5/controllers/api.py: 0
[2018-05-30 02:47:16] EDIT hw5/controllers/api.py: 2
[2018-05-30 02:49:39] EDIT hw5/static/js/default_index.js: 1
[2018-05-30 02:50:29] EDIT hw5/views/default/index.html: -1
[2018-05-30 02:52:33] EDIT hw5/static/js/default_index.js: 0
[2018-05-30 02:53:41] EDIT hw5/views/default/index.html: 1
[2018-05-30 02:53:57] EDIT hw5/views/default/index.html: 0
[2018-05-30 02:54:17] EDIT hw5/views/default/index.html: 0
[2018-05-30 02:58:33] EDIT hw5/static/js/default_index.js: -2
[2018-05-30 02:59:16] EDIT hw5/static/js/default_index.js: 0
[2018-05-30 03:00:54] EDIT hw5/static/js/default_index.js: 2
[2018-05-30 03:01:13] EDIT hw5/static/js/default_index.js: 0
[2018-05-30 03:02:06] EDIT hw5/static/js/default_index.js: 0
[2018-05-30 03:02:58] EDIT hw5/static/js/default_index.js: 0
[2018-05-30 03:09:19] EDIT hw5/views/default/index.html: 11
[2018-05-30 03:10:03] EDIT hw5/static/js/default_index.js: 2
[2018-05-30 03:10:07] EDIT hw5/views/default/index.html: 0
[2018-05-30 03:11:41] EDIT hw5/views/default/index.html: 1
[2018-05-30 03:12:10] EDIT hw5/static/js/default_index.js: 3
[2018-05-30 03:15:07] EDIT hw5/views/default/index.html: 1
[2018-05-30 03:33:10] EDIT hw5/static/js/default_index.js: 39
[2018-05-30 03:35:06] EDIT hw5/views/default/index.html: 1
[2018-05-30 03:36:12] EDIT hw5/static/js/default_index.js: 3
[2018-05-30 03:37:48] EDIT hw5/static/js/default_index.js: 0
[2018-05-30 03:39:41] EDIT hw5/static/js/default_index.js: 0
[2018-05-30 03:40:22] EDIT hw5/views/default/index.html: 0
[2018-05-30 03:41:37] EDIT hw5/views/default/index.html: 0
[2018-05-30 03:45:44] EDIT hw5/views/default/index.html: 1
[2018-05-30 03:46:49] EDIT hw5/views/default/index.html: 0
[2018-05-30 03:46:51] EDIT hw5/static/js/default_index.js: 0
[2018-05-30 03:46:53] EDIT hw5/controllers/api.py: 26
[2018-05-30 03:47:51] EDIT hw5/private/appconfig.ini: 3
[2018-05-30 03:48:59] EDIT hw5/static/js/default_index.js: -1
[2018-05-30 03:49:01] EDIT hw5/controllers/api.py: -4
[2018-05-30 03:49:03] EDIT hw5/views/default/index.html: 0
[2018-05-30 03:52:54] EDIT hw5/views/default/index.html: 0
[2018-05-30 03:53:16] EDIT hw5/views/default/index.html: 0
[2018-05-30 03:53:18] EDIT hw5/static/js/default_index.js: 0
[2018-05-30 03:53:20] EDIT hw5/controllers/api.py: 0
[2018-05-30 03:54:15] EDIT hw5/views/default/index.html: 0
[2018-05-30 03:54:16] EDIT hw5/static/js/default_index.js: 0
[2018-05-30 03:54:18] EDIT hw5/controllers/api.py: 0
[2018-05-31 03:22:37] EDIT hw5/static/js/default_index.js: 0
[2018-05-31 03:23:45] EDIT hw5/static/js/default_index.js: 0
[2018-05-31 03:30:44] EDIT hw5/static/js/default_index.js: 1
[2018-05-31 03:33:44] EDIT hw5/static/js/default_index.js: -1
[2018-05-31 03:46:55] EDIT hw5/static/js/default_index.js: 1
[2018-05-31 03:47:38] EDIT hw5/controllers/api.py: 1
[2018-05-31 03:48:07] EDIT hw5/controllers/api.py: 0
[2018-05-31 03:48:09] EDIT hw5/static/js/default_index.js: 0
[2018-06-04 19:00:00] EDIT project/models/tables.py: -2
[2018-06-04 19:00:11] EDIT project/controllers/api.py: -80
[2018-06-04 19:00:59] EDIT project/views/default/index.html: -64
[2018-06-04 19:01:01] EDIT project/views/default/index.html: 0
[2018-06-04 19:01:56] EDIT project/static/js/default_index.js: -170
[2018-06-04 19:02:03] EDIT project/static/js/default_index.js: 0
[2018-06-05 18:40:44] EDIT project/models/tables.py: 0
[2018-06-05 18:40:58] EDIT project/models/tables.py: 0
[2018-06-05 18:46:58] EDIT project/views/default/index.html: 20
[2018-06-05 18:47:35] EDIT project/views/default/index.html: -7
[2018-06-05 18:51:23] EDIT project/static/css/myapp.css: 33
[2018-06-05 18:52:37] EDIT project/static/css/myapp.css: 0
[2018-06-05 18:55:21] EDIT project/views/default/index.html: -10
[2018-06-05 18:55:37] EDIT project/views/default/index.html: 0
[2018-06-05 18:56:21] EDIT project/views/default/index.html: 0
[2018-06-05 18:56:55] EDIT project/views/default/index.html: 0
[2018-06-05 18:57:36] EDIT project/views/default/index.html: 0
[2018-06-05 18:57:48] EDIT project/views/default/index.html: 0
[2018-06-05 18:58:19] EDIT project/views/default/index.html: 0
[2018-06-05 19:00:16] EDIT project/views/default/index.html: 0
[2018-06-05 19:00:43] EDIT project/views/default/index.html: 0
[2018-06-05 19:01:09] EDIT project/views/default/index.html: 0
[2018-06-05 19:03:01] EDIT project/views/default/index.html: 0
[2018-06-05 19:04:49] EDIT project/views/default/index.html: 0
[2018-06-05 19:05:55] EDIT project/views/default/index.html: 0
[2018-06-05 19:06:25] EDIT project/views/default/index.html: 0
[2018-06-05 19:07:06] EDIT project/views/default/index.html: 0
[2018-06-05 19:09:39] EDIT project/views/default/index.html: 0
[2018-06-05 19:13:40] EDIT project/views/default/index.html: 2
[2018-06-05 19:13:53] EDIT project/views/default/index.html: 0
[2018-06-05 19:18:07] EDIT project/views/default/index.html: -1
[2018-06-05 19:18:27] EDIT project/views/default/index.html: 0
[2018-06-05 19:20:48] EDIT project/static/css/myapp.css: -33
[2018-06-05 19:20:50] EDIT project/static/css/myapp.css: 0
[2018-06-05 19:20:50] EDIT project/static/css/myapp.css: 0
[2018-06-05 19:21:15] EDIT project/static/css/myapp.css: 3
[2018-06-05 19:21:38] EDIT project/views/default/index.html: -1
[2018-06-05 19:24:54] EDIT project/static/css/myapp.css: 6
[2018-06-05 19:25:25] EDIT project/views/default/index.html: 4
[2018-06-05 19:28:41] EDIT project/views/default/index.html: -2
[2018-06-05 19:28:56] EDIT project/views/default/index.html: 0
[2018-06-05 19:30:54] EDIT project/static/css/myapp.css: -3
[2018-06-05 19:31:39] EDIT project/static/css/myapp.css: 3
[2018-06-05 19:33:24] EDIT project/static/js/default_index.js: 1
[2018-06-05 19:33:28] EDIT project/views/default/index.html: 8
[2018-06-05 19:38:09] EDIT project/views/default/index.html: 2
[2018-06-05 19:42:06] EDIT project/views/default/index.html: 0
[2018-06-05 19:42:09] EDIT project/static/css/myapp.css: 0
[2018-06-05 19:43:48] EDIT project/static/css/myapp.css: 3
[2018-06-05 19:45:25] EDIT project/static/css/stupid.css: 0
[2018-06-05 19:46:07] EDIT project/static/css/stupid.css: 0
[2018-06-05 19:48:45] EDIT project/views/default/index.html: 0
[2018-06-05 19:50:32] EDIT project/views/default/index.html: 0
[2018-06-05 19:52:01] EDIT project/static/css/stupid.css: 0
[2018-06-05 19:56:12] EDIT project/static/css/myapp.css: 1
[2018-06-05 19:58:39] EDIT project/static/css/myapp.css: 1
[2018-06-05 19:58:57] EDIT project/static/css/myapp.css: 0
[2018-06-05 20:01:12] EDIT project/static/css/stupid.css: 0
[2018-06-05 20:01:22] EDIT project/static/css/stupid.css: 0
[2018-06-05 20:02:34] EDIT project/views/default/index.html: 0
[2018-06-05 20:02:44] EDIT project/views/default/index.html: 0
[2018-06-05 20:02:52] EDIT project/views/default/index.html: 0
[2018-06-05 20:03:24] EDIT project/static/css/stupid.css: 0
[2018-06-05 20:03:35] EDIT project/static/css/stupid.css: 0
[2018-06-05 20:03:50] EDIT project/static/css/stupid.css: 0
[2018-06-05 20:04:21] EDIT project/static/css/stupid.css: 0
[2018-06-05 20:10:56] EDIT project/static/css/stupid.css: 0
[2018-06-05 20:11:25] EDIT project/static/css/stupid.css: -1
[2018-06-05 20:11:34] EDIT project/static/css/stupid.css: 1
[2018-06-05 20:12:19] EDIT project/static/js/default_index.js: 0
[2018-06-05 20:12:31] EDIT project/static/js/default_index.js: 0
[2018-06-05 20:13:57] EDIT project/views/default/index.html: 0
[2018-06-05 20:14:18] EDIT project/static/js/default_index.js: 0
[2018-06-05 20:14:20] EDIT project/views/default/index.html: 0
[2018-06-05 20:15:33] EDIT project/views/default/index.html: 0
[2018-06-05 20:16:12] EDIT project/views/default/index.html: 0
[2018-06-05 20:16:27] EDIT project/views/default/index.html: 0
[2018-06-05 20:17:45] EDIT project/views/default/index.html: 0
[2018-06-05 20:18:45] EDIT project/views/default/index.html: 0
[2018-06-05 20:20:09] EDIT project/static/js/default_index.js: 0
[2018-06-05 20:20:31] EDIT project/views/default/index.html: 0
[2018-06-05 20:20:33] EDIT project/static/js/default_index.js: 0
[2018-06-05 20:20:59] EDIT project/views/default/index.html: 0
[2018-06-05 20:21:15] EDIT project/views/default/index.html: 0
[2018-06-05 20:21:38] EDIT project/static/js/default_index.js: 0
[2018-06-05 20:21:39] EDIT project/views/default/index.html: 0
[2018-06-05 20:21:41] EDIT project/static/css/stupid.css: 0
[2018-06-05 20:27:43] EDIT project/static/js/default_index.js: 1
[2018-06-05 20:28:32] EDIT project/static/css/myapp.css: -1
[2018-06-05 20:28:56] EDIT project/static/css/myapp.css: 0
[2018-06-05 20:29:21] EDIT project/static/js/default_index.js: 0
[2018-06-05 20:30:21] EDIT project/models/tables.py: 5
[2018-06-05 20:34:27] EDIT project/models/tables.py: 0
[2018-06-05 20:35:09] EDIT project/models/tables.py: 0
[2018-06-05 20:35:15] EDIT project/views/default/index.html: -2
[2018-06-05 20:35:49] EDIT project/static/js/default_index.js: 0
[2018-06-05 20:35:58] EDIT project/static/js/default_index.js: 0
[2018-06-05 20:36:00] EDIT project/static/css/myapp.css: 0
[2018-06-06 20:07:54] EDIT project/static/css/myapp.css: 3
[2018-06-06 20:07:57] EDIT project/views/default/index.html: 2
[2018-06-06 20:08:07] EDIT project/views/default/index.html: 0
[2018-06-06 20:08:33] EDIT project/views/default/index.html: 0
[2018-06-06 20:08:43] EDIT project/views/default/index.html: 0
[2018-06-06 20:09:50] EDIT project/static/css/myapp.css: 1
[2018-06-06 20:09:54] EDIT project/static/css/myapp.css: 0
[2018-06-06 20:09:59] EDIT project/views/default/index.html: 0
[2018-06-06 20:10:32] EDIT project/static/css/myapp.css: 1
[2018-06-06 20:10:44] EDIT project/static/css/myapp.css: 0
[2018-06-06 20:10:49] EDIT project/views/default/index.html: 0
[2018-06-06 20:11:21] EDIT project/views/default/index.html: 0
[2018-06-06 20:11:31] EDIT project/static/css/myapp.css: -2
[2018-06-06 20:11:33] EDIT project/views/default/index.html: 0
[2018-06-06 20:12:17] EDIT project/views/default/index.html: 0
[2018-06-06 20:12:39] EDIT project/views/default/index.html: 0
[2018-06-06 20:13:19] EDIT project/static/css/myapp.css: 1
[2018-06-06 20:14:40] EDIT project/views/default/index.html: 0
[2018-06-06 20:15:24] EDIT project/static/css/stupid.css: 0
[2018-06-06 20:16:01] EDIT project/views/default/index.html: 0
[2018-06-06 20:16:09] EDIT project/views/default/index.html: 0
[2018-06-06 20:16:37] EDIT project/static/css/myapp.css: 0
[2018-06-06 20:17:28] EDIT project/views/default/index.html: 0
[2018-06-06 20:17:55] EDIT project/static/css/myapp.css: 0
[2018-06-06 20:21:32] EDIT project/static/js/default_index.js: 1
[2018-06-06 20:21:54] EDIT project/static/js/default_index.js: 0
[2018-06-06 20:22:08] EDIT project/views/default/index.html: 3
[2018-06-06 20:22:25] EDIT project/static/css/myapp.css: 3
[2018-06-06 20:22:46] EDIT project/views/default/index.html: 0
[2018-06-06 20:22:59] EDIT project/views/default/index.html: 0
[2018-06-06 20:23:04] EDIT project/static/css/myapp.css: 0
[2018-06-06 20:23:32] EDIT project/views/default/index.html: 0
[2018-06-06 20:23:37] EDIT project/static/css/myapp.css: 0
[2018-06-06 20:24:02] EDIT project/views/default/index.html: 0
[2018-06-06 20:24:42] EDIT project/static/css/myapp.css: 1
[2018-06-06 20:26:07] EDIT project/static/css/myapp.css: -3
[2018-06-06 20:27:23] EDIT project/static/css/myapp.css: -1
[2018-06-06 20:29:06] EDIT project/static/css/stupid.css: 0
[2018-06-06 20:31:49] EDIT project/static/css/stupid.css: 0
[2018-06-06 20:32:24] EDIT project/views/default/index.html: 0
[2018-06-06 20:32:33] EDIT project/static/js/default_index.js: 0
[2018-06-06 20:32:46] EDIT project/views/default/index.html: 0
[2018-06-06 20:32:58] EDIT project/views/default/index.html: 0
[2018-06-06 20:33:40] EDIT project/views/default/index.html: 0
[2018-06-06 20:34:01] EDIT project/static/css/stupid.css: 0
[2018-06-06 20:34:15] EDIT project/static/js/default_index.js: -1
[2018-06-06 21:13:10] EDIT project/static/js/default_index.js: 13
[2018-06-06 21:13:43] EDIT project/static/js/default_index.js: 1
[2018-06-06 21:13:50] EDIT project/static/js/default_index.js: 0
[2018-06-06 21:14:36] EDIT project/static/js/default_index.js: 0
[2018-06-06 21:27:58] EDIT project/static/js/default_index.js: 0
[2018-06-06 21:29:44] EDIT project/models/db.py: 0
[2018-06-06 21:29:59] EDIT project/models/db.py: 0
[2018-06-06 21:31:33] EDIT project/models/db.py: 0
[2018-06-06 21:33:16] EDIT project/static/js/default_index.js: 0
[2018-06-06 21:37:16] EDIT project/static/js/default_index.js: 0
[2018-06-06 21:37:52] EDIT project/models/db.py: 0
[2018-06-06 21:37:54] EDIT project/static/js/default_index.js: 0
[2018-06-06 21:37:56] EDIT project/views/default/index.html: 0
[2018-06-06 23:10:22] EDIT project/static/js/default_index.js: 4
[2018-06-06 23:14:37] EDIT project/static/js/default_index.js: 0
[2018-06-06 23:14:53] EDIT project/static/js/default_index.js: 0
[2018-06-06 23:15:15] EDIT project/static/js/default_index.js: 1
[2018-06-06 23:15:44] EDIT project/static/js/default_index.js: 1
[2018-06-06 23:15:59] EDIT project/static/js/default_index.js: -1
[2018-06-06 23:22:33] EDIT project/static/js/default_index.js: 0
[2018-06-06 23:49:33] EDIT project/views/default/index.html: -1
[2018-06-06 23:54:30] EDIT project/static/js/default_index.js: -2
[2018-06-06 23:55:32] EDIT project/controllers/api.py: 4
[2018-06-06 23:55:34] EDIT project/static/js/default_index.js: 0
[2018-06-06 23:55:36] EDIT project/views/default/index.html: 0
[2018-06-06 23:56:58] EDIT project/controllers/api.py: 3
[2018-06-06 23:57:32] EDIT project/static/js/default_index.js: 0
[2018-06-06 23:57:35] EDIT project/controllers/api.py: 0
[2018-06-06 23:57:39] EDIT project/views/default/index.html: 0
[2018-06-06 23:58:00] EDIT project/static/js/default_index.js: 0
[2018-06-06 23:58:16] EDIT project/static/js/default_index.js: 0
[2018-06-07 00:00:54] EDIT project/views/default/index.html: 0
[2018-06-07 00:00:55] EDIT project/static/js/default_index.js: 0
[2018-06-07 00:00:57] EDIT project/controllers/api.py: 0
[2018-06-07 19:13:48] EDIT RivalsTourneyWatch/controllers/api.py: -2
[2018-06-07 19:14:59] EDIT RivalsTourneyWatch/controllers/api.py: 0
[2018-06-07 19:16:15] EDIT RivalsTourneyWatch/controllers/api.py: 1
[2018-06-07 19:17:24] EDIT RivalsTourneyWatch/controllers/api.py: 0
[2018-06-07 19:17:40] EDIT RivalsTourneyWatch/controllers/api.py: 0
[2018-06-07 19:21:12] EDIT RivalsTourneyWatch/controllers/api.py: 1
[2018-06-07 19:21:33] EDIT RivalsTourneyWatch/controllers/api.py: 0
[2018-06-07 19:21:36] EDIT RivalsTourneyWatch/static/js/default_index.js: 0
[2018-06-07 19:22:55] EDIT RivalsTourneyWatch/controllers/api.py: 0
[2018-06-07 20:54:48] EDIT RivalsTourneyWatch/controllers/api.py: 26
[2018-06-07 20:55:21] EDIT RivalsTourneyWatch/controllers/api.py: 0
[2018-06-07 20:56:36] EDIT RivalsTourneyWatch/controllers/api.py: 0
[2018-06-07 20:57:44] EDIT RivalsTourneyWatch/static/js/default_index.js: 0
[2018-06-07 20:59:23] EDIT RivalsTourneyWatch/controllers/api.py: 0
[2018-06-07 20:59:49] EDIT RivalsTourneyWatch/controllers/api.py: 0
[2018-06-07 21:00:12] EDIT RivalsTourneyWatch/static/js/default_index.js: 0
[2018-06-07 21:01:38] EDIT RivalsTourneyWatch/views/default/index.html: 0
[2018-06-07 21:01:40] EDIT RivalsTourneyWatch/static/js/default_index.js: 0
[2018-06-07 21:01:42] EDIT RivalsTourneyWatch/controllers/api.py: 0
[2018-06-10 15:21:02] EDIT RivalsTourneyWatch/static/js/default_index.js: 6
[2018-06-10 15:22:37] EDIT RivalsTourneyWatch/static/js/default_index.js: 0
[2018-06-10 15:30:55] EDIT RivalsTourneyWatch/static/js/default_index.js: 0
[2018-06-10 15:32:10] EDIT RivalsTourneyWatch/static/js/default_index.js: 0
[2018-06-10 15:32:12] EDIT RivalsTourneyWatch/views/default/index.html: 6
[2018-06-10 15:33:01] EDIT RivalsTourneyWatch/views/default/index.html: 0
[2018-06-10 15:34:52] EDIT RivalsTourneyWatch/static/js/default_index.js: 0
[2018-06-10 15:36:25] EDIT RivalsTourneyWatch/static/js/default_index.js: 0
[2018-06-10 15:38:37] EDIT RivalsTourneyWatch/views/default/index.html: 0
[2018-06-10 15:40:29] EDIT RivalsTourneyWatch/views/default/index.html: 0
[2018-06-10 15:42:25] EDIT RivalsTourneyWatch/views/default/index.html: 0
[2018-06-10 15:44:52] EDIT RivalsTourneyWatch/views/default/index.html: 0
[2018-06-10 16:04:25] EDIT RivalsTourneyWatch/views/default/index.html: 0
[2018-06-10 16:05:04] EDIT RivalsTourneyWatch/static/js/default_index.js: 2
[2018-06-10 16:08:55] EDIT RivalsTourneyWatch/static/js/default_index.js: 14
[2018-06-10 16:09:32] EDIT RivalsTourneyWatch/static/js/default_index.js: 2
[2018-06-10 16:10:08] EDIT RivalsTourneyWatch/static/js/default_index.js: 0
[2018-06-10 16:10:59] EDIT RivalsTourneyWatch/static/js/default_index.js: 0
[2018-06-10 16:11:46] EDIT RivalsTourneyWatch/views/default/index.html: 0
[2018-06-10 16:12:52] EDIT RivalsTourneyWatch/static/js/default_index.js: 2
[2018-06-10 16:34:36] EDIT RivalsTourneyWatch/controllers/api.py: 10
[2018-06-10 16:37:37] EDIT RivalsTourneyWatch/views/default/index.html: 0
[2018-06-10 16:37:41] EDIT RivalsTourneyWatch/controllers/api.py: 0
[2018-06-10 16:38:18] EDIT RivalsTourneyWatch/static/js/default_index.js: 0
[2018-06-10 16:38:49] EDIT RivalsTourneyWatch/static/js/default_index.js: 2
[2018-06-10 16:43:35] EDIT RivalsTourneyWatch/controllers/api.py: 0
[2018-06-10 16:43:37] EDIT RivalsTourneyWatch/static/js/default_index.js: 0
[2018-06-10 16:48:17] EDIT RivalsTourneyWatch/static/js/default_index.js: 4
[2018-06-10 16:49:52] EDIT RivalsTourneyWatch/static/js/default_index.js: 0
[2018-06-10 16:49:56] EDIT RivalsTourneyWatch/static/js/default_index.js: 0
[2018-06-10 16:52:09] EDIT RivalsTourneyWatch/static/js/default_index.js: 0
[2018-06-10 16:53:11] EDIT RivalsTourneyWatch/static/js/default_index.js: -4
[2018-06-10 16:57:16] EDIT RivalsTourneyWatch/static/js/default_index.js: 1
[2018-06-10 16:57:44] EDIT RivalsTourneyWatch/static/js/default_index.js: -1
[2018-06-10 16:58:33] EDIT RivalsTourneyWatch/views/default/index.html: 0
[2018-06-10 17:00:37] EDIT RivalsTourneyWatch/views/default/index.html: 0
[2018-06-10 17:02:04] EDIT RivalsTourneyWatch/static/js/default_index.js: 0
[2018-06-10 17:04:26] EDIT RivalsTourneyWatch/views/default/index.html: 0
[2018-06-10 17:09:36] EDIT RivalsTourneyWatch/views/default/index.html: 3
[2018-06-10 17:10:06] EDIT RivalsTourneyWatch/views/default/index.html: 0
[2018-06-10 17:25:57] EDIT RivalsTourneyWatch/views/default/index.html: 1
[2018-06-10 17:26:54] EDIT RivalsTourneyWatch/static/js/default_index.js: 7
[2018-06-10 17:29:13] EDIT RivalsTourneyWatch/models/tables.py: -7
[2018-06-10 17:30:10] EDIT RivalsTourneyWatch/controllers/api.py: 3
[2018-06-10 17:30:12] EDIT RivalsTourneyWatch/static/js/default_index.js: 1
[2018-06-10 17:30:15] EDIT RivalsTourneyWatch/views/default/index.html: 0
[2018-06-10 17:30:48] EDIT RivalsTourneyWatch/static/js/default_index.js: 0
[2018-06-10 17:31:05] EDIT RivalsTourneyWatch/static/js/default_index.js: 0
[2018-06-10 17:34:17] EDIT RivalsTourneyWatch/controllers/api.py: 0
[2018-06-10 17:40:19] EDIT RivalsTourneyWatch/static/js/default_index.js: -9
[2018-06-10 17:40:29] EDIT RivalsTourneyWatch/controllers/api.py: -3
[2018-06-10 17:40:31] EDIT RivalsTourneyWatch/static/js/default_index.js: 0
[2018-06-10 17:40:35] EDIT RivalsTourneyWatch/views/default/index.html: 0
[2018-06-10 17:40:37] EDIT RivalsTourneyWatch/models/tables.py: 0
[2018-06-10 17:41:32] EDIT RivalsTourneyWatch/models/tables.py: 0
[2018-06-10 17:41:34] EDIT RivalsTourneyWatch/controllers/api.py: 0
[2018-06-10 17:41:36] EDIT RivalsTourneyWatch/static/js/default_index.js: 0
[2018-06-10 17:41:38] EDIT RivalsTourneyWatch/views/default/index.html: 0
[2018-06-10 17:44:02] EDIT RivalsTourneyWatch/controllers/api.py: 0
[2018-06-10 17:44:02] EDIT RivalsTourneyWatch/controllers/api.py: 0
[2018-06-10 17:44:02] EDIT RivalsTourneyWatch/controllers/api.py: 0
[2018-06-10 17:46:15] EDIT RivalsTourneyWatch/controllers/api.py: 3
[2018-06-10 17:48:12] EDIT RivalsTourneyWatch/static/js/default_index.js: 7
[2018-06-10 17:48:19] EDIT RivalsTourneyWatch/controllers/api.py: 0
[2018-06-10 17:48:25] EDIT RivalsTourneyWatch/views/default/index.html: 0
[2018-06-10 17:48:43] EDIT RivalsTourneyWatch/static/js/default_index.js: 1
[2018-06-10 17:51:15] EDIT RivalsTourneyWatch/models/tables.py: 1
[2018-06-10 17:51:23] EDIT RivalsTourneyWatch/models/tables.py: 0
[2018-06-10 17:52:46] EDIT RivalsTourneyWatch/controllers/api.py: 0
[2018-06-10 17:54:51] EDIT RivalsTourneyWatch/models/tables.py: 0
[2018-06-10 17:56:17] EDIT RivalsTourneyWatch/views/default/index.html: 1
[2018-06-10 17:57:49] EDIT RivalsTourneyWatch/static/js/default_index.js: 8
[2018-06-10 17:59:47] EDIT RivalsTourneyWatch/controllers/api.py: 5
[2018-06-10 18:00:04] EDIT RivalsTourneyWatch/static/js/default_index.js: 1
[2018-06-10 18:01:35] EDIT RivalsTourneyWatch/controllers/api.py: 0
[2018-06-10 18:17:23] EDIT RivalsTourneyWatch/controllers/api.py: 0
[2018-06-10 18:18:02] EDIT RivalsTourneyWatch/controllers/api.py: 0
[2018-06-10 18:19:43] EDIT RivalsTourneyWatch/controllers/api.py: 0
[2018-06-10 18:19:45] EDIT RivalsTourneyWatch/models/tables.py: 0
[2018-06-10 18:22:38] EDIT RivalsTourneyWatch/controllers/api.py: 0
[2018-06-10 18:23:10] EDIT RivalsTourneyWatch/controllers/api.py: 0
[2018-06-10 18:23:35] EDIT RivalsTourneyWatch/controllers/api.py: 0
[2018-06-10 18:26:59] EDIT RivalsTourneyWatch/models/tables.py: 0
[2018-06-10 18:27:00] EDIT RivalsTourneyWatch/controllers/api.py: 0
[2018-06-10 18:27:01] EDIT RivalsTourneyWatch/static/js/default_index.js: 0
[2018-06-10 18:27:03] EDIT RivalsTourneyWatch/views/default/index.html: 0
[2018-06-10 18:28:52] EDIT RivalsTourneyWatch/models/tables.py: 0
[2018-06-10 18:28:54] EDIT RivalsTourneyWatch/controllers/api.py: 0
[2018-06-10 18:28:56] EDIT RivalsTourneyWatch/static/js/default_index.js: 0
[2018-06-10 18:28:58] EDIT RivalsTourneyWatch/views/default/index.html: 0
[2018-06-10 19:43:09] EDIT RivalsTourneyWatch/controllers/api.py: 0
[2018-06-10 19:43:38] EDIT RivalsTourneyWatch/controllers/api.py: 0
[2018-06-10 19:43:43] EDIT RivalsTourneyWatch/controllers/api.py: 0
[2018-06-10 19:45:35] EDIT RivalsTourneyWatch/controllers/api.py: 0
[2018-06-10 19:46:41] EDIT RivalsTourneyWatch/controllers/api.py: 0
[2018-06-10 19:47:14] EDIT RivalsTourneyWatch/controllers/api.py: 0
[2018-06-10 19:51:33] EDIT RivalsTourneyWatch/controllers/api.py: -8
[2018-06-10 19:52:20] EDIT RivalsTourneyWatch/static/js/default_index.js: 2
[2018-06-10 19:52:37] EDIT RivalsTourneyWatch/static/js/default_index.js: 0
[2018-06-10 19:52:59] EDIT RivalsTourneyWatch/controllers/api.py: 0
[2018-06-10 19:53:00] EDIT RivalsTourneyWatch/static/js/default_index.js: 0
